<?xml version="1.0" encoding="UTF-8"?>
<!-- Generated by org.testng.reporters.JUnitReportReporter -->
<testsuite skipped="0" hostname="DESKTOP-DB5QFJE" name="PritiTest.NewTestClass" tests="5" failures="0" timestamp="03 Apr 2023 19:43:36 GMT" time="75.889" errors="0">
  <testcase name="UserRegistration" time="16.916" classname="PritiTest.NewTestClass"/>
  <testcase name="UserRegistration" time="13.437" classname="PritiTest.NewTestClass"/>
  <testcase name="UserRegistration" time="15.636" classname="PritiTest.NewTestClass"/>
  <testcase name="UserRegistration" time="16.041" classname="PritiTest.NewTestClass"/>
  <testcase name="UserRegistration" time="13.859" classname="PritiTest.NewTestClass"/>
</testsuite> <!-- PritiTest.NewTestClass -->
