<?xml version="1.0" encoding="UTF-8"?>
<!-- Generated by org.testng.reporters.JUnitReportReporter -->
<testsuite skipped="0" hostname="DESKTOP-DB5QFJE" name="PritiTest.Login2Test" tests="5" failures="0" timestamp="03 Apr 2023 20:03:05 GMT" time="13.404" errors="0">
  <testcase name="Loginuser" time="1.922" classname="PritiTest.Login2Test"/>
  <testcase name="Loginuser" time="1.915" classname="PritiTest.Login2Test"/>
  <testcase name="Loginuser" time="5.725" classname="PritiTest.Login2Test"/>
  <testcase name="Loginuser" time="1.840" classname="PritiTest.Login2Test"/>
  <testcase name="Loginuser" time="2.002" classname="PritiTest.Login2Test"/>
</testsuite> <!-- PritiTest.Login2Test -->
