<?xml version="1.0" encoding="UTF-8"?>
<!-- Generated by org.testng.reporters.JUnitReportReporter -->
<testsuite skipped="0" hostname="DESKTOP-DB5QFJE" name="PritiTest.LoginTest" tests="1" failures="0" timestamp="03 Apr 2023 19:00:54 GMT" time="2.789" errors="0">
  <testcase name="Login" time="2.789" classname="PritiTest.LoginTest"/>
</testsuite> <!-- PritiTest.LoginTest -->
